<?xml version="1.0" encoding="UTF-8"?>
<!-- Generated by org.testng.reporters.JUnitXMLReporter -->
<testsuite hostname="DESKTOP-1BDQC6B" ignored="0" name="FlipboardLoginTest" tests="2" failures="1" timestamp="29 May 2020 11:04:26 GMT" time="23.872" errors="0">
  <testcase name="validateGetStartedButton" time="0.23" classname="testcases.FlipboardLoginTest">
    <failure type="java.lang.AssertionError" message="Failing the test">
      <![CDATA[java.lang.AssertionError: Failing the test
at testcases.FlipboardLoginTest.validateGetStartedButton(FlipboardLoginTest.java:41)
... Removed 26 stack frames]]>
    </failure>
  </testcase> <!-- validateGetStartedButton -->
  <testcase name="chooseTopicsTest" time="4.021" classname="testcases.FlipboardLoginTest"/>
</testsuite> <!-- FlipboardLoginTest -->
