<?xml version="1.0" encoding="UTF-8"?>
<!-- Generated by org.testng.reporters.JUnitXMLReporter -->
<testsuite hostname="DESKTOP-1BDQC6B" ignored="0" name="FlipboardLoginTest" tests="2" failures="1" timestamp="2020-05-26T22:02:41 IST" time="21.658" errors="0">
  <testcase name="validateGetStartedButton" time="0.263" classname="testcases.FlipboardLoginTest">
    <failure type="java.lang.AssertionError" message="Failing the test">
      <![CDATA[java.lang.AssertionError: Failing the test
at testcases.FlipboardLoginTest.validateGetStartedButton(FlipboardLoginTest.java:31)
at java.util.ArrayList.forEach(ArrayList.java:1249)
... Removed 31 stack frames]]>
    </failure>
  </testcase> <!-- validateGetStartedButton -->
  <testcase name="chooseTopicsTest" time="3.374" classname="testcases.FlipboardLoginTest"/>
</testsuite> <!-- FlipboardLoginTest -->
