<?xml version="1.0" encoding="UTF-8"?>
<testng-results skipped="0" failed="1" ignored="0" total="3" passed="2">
  <reporter-output>
  </reporter-output>
  <suite name="Suite" duration-ms="56684" started-at="2020-05-26T22:02:19 IST" finished-at="2020-05-26T22:03:16 IST">
    <groups>
    </groups>
    <test name="FlipboardLoginTest" duration-ms="21658" started-at="2020-05-26T22:02:19 IST" finished-at="2020-05-26T22:02:41 IST">
      <class name="testcases.FlipboardLoginTest">
        <test-method status="PASS" signature="init()[pri:0, instance:testcases.FlipboardLoginTest@2f8f5f62]" name="init" is-config="true" duration-ms="13051" started-at="2020-05-26T22:02:19 IST" finished-at="2020-05-26T22:02:32 IST">
          <reporter-output>
          </reporter-output>
        </test-method> <!-- init -->
        <test-method status="FAIL" signature="validateGetStartedButton()[pri:1, instance:testcases.FlipboardLoginTest@2f8f5f62]" name="validateGetStartedButton" duration-ms="263" started-at="2020-05-26T22:02:32 IST" finished-at="2020-05-26T22:02:33 IST">
          <exception class="java.lang.AssertionError">
            <message>
              <![CDATA[Failing the test]]>
            </message>
            <full-stacktrace>
              <![CDATA[java.lang.AssertionError: Failing the test
at org.testng.Assert.fail(Assert.java:97)
at testcases.FlipboardLoginTest.validateGetStartedButton(FlipboardLoginTest.java:31)
at sun.reflect.NativeMethodAccessorImpl.invoke0(Native Method)
at sun.reflect.NativeMethodAccessorImpl.invoke(NativeMethodAccessorImpl.java:62)
at sun.reflect.DelegatingMethodAccessorImpl.invoke(DelegatingMethodAccessorImpl.java:43)
at java.lang.reflect.Method.invoke(Method.java:498)
at org.testng.internal.MethodInvocationHelper.invokeMethod(MethodInvocationHelper.java:134)
at org.testng.internal.TestInvoker.invokeMethod(TestInvoker.java:597)
at org.testng.internal.TestInvoker.invokeTestMethod(TestInvoker.java:173)
at org.testng.internal.MethodRunner.runInSequence(MethodRunner.java:46)
at org.testng.internal.TestInvoker$MethodInvocationAgent.invoke(TestInvoker.java:816)
at org.testng.internal.TestInvoker.invokeTestMethods(TestInvoker.java:146)
at org.testng.internal.TestMethodWorker.invokeTestMethods(TestMethodWorker.java:146)
at org.testng.internal.TestMethodWorker.run(TestMethodWorker.java:128)
at java.util.ArrayList.forEach(ArrayList.java:1249)
at org.testng.TestRunner.privateRun(TestRunner.java:766)
at org.testng.TestRunner.run(TestRunner.java:587)
at org.testng.SuiteRunner.runTest(SuiteRunner.java:384)
at org.testng.SuiteRunner.runSequentially(SuiteRunner.java:378)
at org.testng.SuiteRunner.privateRun(SuiteRunner.java:337)
at org.testng.SuiteRunner.run(SuiteRunner.java:286)
at org.testng.SuiteRunnerWorker.runSuite(SuiteRunnerWorker.java:53)
at org.testng.SuiteRunnerWorker.run(SuiteRunnerWorker.java:96)
at org.testng.TestNG.runSuitesSequentially(TestNG.java:1187)
at org.testng.TestNG.runSuitesLocally(TestNG.java:1109)
at org.testng.TestNG.runSuites(TestNG.java:1039)
at org.testng.TestNG.run(TestNG.java:1007)
at org.apache.maven.surefire.testng.TestNGExecutor.run(TestNGExecutor.java:295)
at org.apache.maven.surefire.testng.TestNGXmlTestSuite.execute(TestNGXmlTestSuite.java:84)
at org.apache.maven.surefire.testng.TestNGProvider.invoke(TestNGProvider.java:90)
at org.apache.maven.surefire.booter.ForkedBooter.invokeProviderInSameClassLoader(ForkedBooter.java:203)
at org.apache.maven.surefire.booter.ForkedBooter.runSuitesInProcess(ForkedBooter.java:155)
at org.apache.maven.surefire.booter.ForkedBooter.main(ForkedBooter.java:103)
]]>
            </full-stacktrace>
          </exception> <!-- java.lang.AssertionError -->
          <reporter-output>
          </reporter-output>
        </test-method> <!-- validateGetStartedButton -->
        <test-method status="PASS" signature="chooseTopicsTest()[pri:2, instance:testcases.FlipboardLoginTest@2f8f5f62]" name="chooseTopicsTest" duration-ms="3374" started-at="2020-05-26T22:02:34 IST" finished-at="2020-05-26T22:02:37 IST">
          <reporter-output>
          </reporter-output>
        </test-method> <!-- chooseTopicsTest -->
        <test-method status="PASS" signature="quitDriver()[pri:0, instance:testcases.FlipboardLoginTest@2f8f5f62]" name="quitDriver" is-config="true" duration-ms="3677" started-at="2020-05-26T22:02:37 IST" finished-at="2020-05-26T22:02:41 IST">
          <reporter-output>
          </reporter-output>
        </test-method> <!-- quitDriver -->
      </class> <!-- testcases.FlipboardLoginTest -->
    </test> <!-- FlipboardLoginTest -->
    <test name="Title Section Test" duration-ms="34598" started-at="2020-05-26T22:02:41 IST" finished-at="2020-05-26T22:03:16 IST">
      <class name="testcases.TitleSectionTest">
        <test-method status="PASS" signature="init()[pri:0, instance:testcases.TitleSectionTest@60438a68]" name="init" is-config="true" duration-ms="13085" started-at="2020-05-26T22:02:41 IST" finished-at="2020-05-26T22:02:54 IST">
          <reporter-output>
          </reporter-output>
        </test-method> <!-- init -->
        <test-method status="PASS" signature="validateTitle()[pri:0, instance:testcases.TitleSectionTest@60438a68]" name="validateTitle" duration-ms="17873" started-at="2020-05-26T22:02:54 IST" finished-at="2020-05-26T22:03:12 IST">
          <reporter-output>
          </reporter-output>
        </test-method> <!-- validateTitle -->
        <test-method status="PASS" signature="quitDriver()[pri:0, instance:testcases.TitleSectionTest@60438a68]" name="quitDriver" is-config="true" duration-ms="3639" started-at="2020-05-26T22:03:12 IST" finished-at="2020-05-26T22:03:16 IST">
          <reporter-output>
          </reporter-output>
        </test-method> <!-- quitDriver -->
      </class> <!-- testcases.TitleSectionTest -->
    </test> <!-- Title Section Test -->
  </suite> <!-- Suite -->
</testng-results>
