-------------------------------------------------------------------------------
Test set: TestSuite
-------------------------------------------------------------------------------
Tests run: 3, Failures: 1, Errors: 0, Skipped: 0, Time elapsed: 57.285 sec <<< FAILURE! - in TestSuite
validateGetStartedButton(testcases.FlipboardLoginTest)  Time elapsed: 1.498 sec  <<< FAILURE!
java.lang.AssertionError: Failing the test
	at org.testng.Assert.fail(Assert.java:97)
	at testcases.FlipboardLoginTest.validateGetStartedButton(FlipboardLoginTest.java:31)

