<?xml version="1.0" encoding="UTF-8"?>
<testng-results skipped="1" failed="1" ignored="0" total="4" passed="2">
  <reporter-output>
  </reporter-output>
  <suite name="Suite" duration-ms="79779" started-at="2020-05-29T11:04:02Z" finished-at="2020-05-29T11:05:21Z">
    <groups>
    </groups>
    <test name="FlipboardLoginTest" duration-ms="23872" started-at="2020-05-29T11:04:02Z" finished-at="2020-05-29T11:04:26Z">
      <class name="testcases.FlipboardLoginTest">
        <test-method status="PASS" signature="init()[pri:0, instance:testcases.FlipboardLoginTest@15d9bc04]" name="init" is-config="true" duration-ms="14143" started-at="2020-05-29T11:04:02Z" finished-at="2020-05-29T11:04:16Z">
          <reporter-output>
          </reporter-output>
        </test-method> <!-- init -->
        <test-method status="FAIL" signature="validateGetStartedButton(java.util.Hashtable)[pri:1, instance:testcases.FlipboardLoginTest@15d9bc04]" name="validateGetStartedButton" duration-ms="230" started-at="2020-05-29T11:04:16Z" data-provider="flipBoard" finished-at="2020-05-29T11:04:17Z">
          <params>
            <param index="0">
              <value>
                <![CDATA[{TestData=NA, Runmode=Y}]]>
              </value>
            </param>
          </params>
          <exception class="java.lang.AssertionError">
            <message>
              <![CDATA[Failing the test]]>
            </message>
            <full-stacktrace>
              <![CDATA[java.lang.AssertionError: Failing the test
at org.testng.Assert.fail(Assert.java:96)
at testcases.FlipboardLoginTest.validateGetStartedButton(FlipboardLoginTest.java:41)
at sun.reflect.NativeMethodAccessorImpl.invoke0(Native Method)
at sun.reflect.NativeMethodAccessorImpl.invoke(NativeMethodAccessorImpl.java:62)
at sun.reflect.DelegatingMethodAccessorImpl.invoke(DelegatingMethodAccessorImpl.java:43)
at java.lang.reflect.Method.invoke(Method.java:498)
at org.testng.internal.MethodInvocationHelper.invokeMethod(MethodInvocationHelper.java:124)
at org.testng.internal.Invoker.invokeMethod(Invoker.java:583)
at org.testng.internal.Invoker.invokeTestMethod(Invoker.java:719)
at org.testng.internal.Invoker.invokeTestMethods(Invoker.java:989)
at org.testng.internal.TestMethodWorker.invokeTestMethods(TestMethodWorker.java:125)
at org.testng.internal.TestMethodWorker.run(TestMethodWorker.java:109)
at org.testng.TestRunner.privateRun(TestRunner.java:648)
at org.testng.TestRunner.run(TestRunner.java:505)
at org.testng.SuiteRunner.runTest(SuiteRunner.java:455)
at org.testng.SuiteRunner.runSequentially(SuiteRunner.java:450)
at org.testng.SuiteRunner.privateRun(SuiteRunner.java:415)
at org.testng.SuiteRunner.run(SuiteRunner.java:364)
at org.testng.SuiteRunnerWorker.runSuite(SuiteRunnerWorker.java:52)
at org.testng.SuiteRunnerWorker.run(SuiteRunnerWorker.java:84)
at org.testng.TestNG.runSuitesSequentially(TestNG.java:1208)
at org.testng.TestNG.runSuitesLocally(TestNG.java:1137)
at org.testng.TestNG.runSuites(TestNG.java:1049)
at org.testng.TestNG.run(TestNG.java:1017)
at org.testng.remote.AbstractRemoteTestNG.run(AbstractRemoteTestNG.java:115)
at org.testng.remote.RemoteTestNG.initAndRun(RemoteTestNG.java:251)
at org.testng.remote.RemoteTestNG.main(RemoteTestNG.java:77)
]]>
            </full-stacktrace>
          </exception> <!-- java.lang.AssertionError -->
          <reporter-output>
          </reporter-output>
        </test-method> <!-- validateGetStartedButton -->
        <test-method status="PASS" signature="chooseTopicsTest(java.util.Hashtable)[pri:2, instance:testcases.FlipboardLoginTest@15d9bc04]" name="chooseTopicsTest" duration-ms="4021" started-at="2020-05-29T11:04:18Z" data-provider="flipBoard" finished-at="2020-05-29T11:04:22Z">
          <params>
            <param index="0">
              <value>
                <![CDATA[{TestData=NA, Runmode=Y}]]>
              </value>
            </param>
          </params>
          <reporter-output>
          </reporter-output>
        </test-method> <!-- chooseTopicsTest -->
        <test-method status="PASS" signature="quitDriver()[pri:0, instance:testcases.FlipboardLoginTest@15d9bc04]" name="quitDriver" is-config="true" duration-ms="3746" started-at="2020-05-29T11:04:22Z" finished-at="2020-05-29T11:04:26Z">
          <reporter-output>
          </reporter-output>
        </test-method> <!-- quitDriver -->
      </class> <!-- testcases.FlipboardLoginTest -->
    </test> <!-- FlipboardLoginTest -->
    <test name="Title Section Test" duration-ms="17172" started-at="2020-05-29T11:04:26Z" finished-at="2020-05-29T11:04:43Z">
      <class name="testcases.TitleSectionTest">
        <test-method status="PASS" signature="init()[pri:0, instance:testcases.TitleSectionTest@77e4c80f]" name="init" is-config="true" duration-ms="13310" started-at="2020-05-29T11:04:26Z" finished-at="2020-05-29T11:04:39Z">
          <reporter-output>
          </reporter-output>
        </test-method> <!-- init -->
        <test-method status="SKIP" signature="validateTitle(java.util.Hashtable)[pri:0, instance:testcases.TitleSectionTest@77e4c80f]" name="validateTitle" duration-ms="58" started-at="2020-05-29T11:04:39Z" data-provider="flipBoard" finished-at="2020-05-29T11:04:39Z">
          <params>
            <param index="0">
              <value>
                <![CDATA[{TestData=NA, Runmode=Y}]]>
              </value>
            </param>
          </params>
          <exception class="org.testng.SkipException">
            <message>
              <![CDATA[Skipping the test : validateTitle as the Runmode of Test Case : validateTitle is NO]]>
            </message>
            <full-stacktrace>
              <![CDATA[org.testng.SkipException: Skipping the test : validateTitle as the Runmode of Test Case : validateTitle is NO
at utilities.DataUtil.checkExecution(DataUtil.java:23)
at testcases.TitleSectionTest.validateTitle(TitleSectionTest.java:36)
at sun.reflect.NativeMethodAccessorImpl.invoke0(Native Method)
at sun.reflect.NativeMethodAccessorImpl.invoke(NativeMethodAccessorImpl.java:62)
at sun.reflect.DelegatingMethodAccessorImpl.invoke(DelegatingMethodAccessorImpl.java:43)
at java.lang.reflect.Method.invoke(Method.java:498)
at org.testng.internal.MethodInvocationHelper.invokeMethod(MethodInvocationHelper.java:124)
at org.testng.internal.Invoker.invokeMethod(Invoker.java:583)
at org.testng.internal.Invoker.invokeTestMethod(Invoker.java:719)
at org.testng.internal.Invoker.invokeTestMethods(Invoker.java:989)
at org.testng.internal.TestMethodWorker.invokeTestMethods(TestMethodWorker.java:125)
at org.testng.internal.TestMethodWorker.run(TestMethodWorker.java:109)
at org.testng.TestRunner.privateRun(TestRunner.java:648)
at org.testng.TestRunner.run(TestRunner.java:505)
at org.testng.SuiteRunner.runTest(SuiteRunner.java:455)
at org.testng.SuiteRunner.runSequentially(SuiteRunner.java:450)
at org.testng.SuiteRunner.privateRun(SuiteRunner.java:415)
at org.testng.SuiteRunner.run(SuiteRunner.java:364)
at org.testng.SuiteRunnerWorker.runSuite(SuiteRunnerWorker.java:52)
at org.testng.SuiteRunnerWorker.run(SuiteRunnerWorker.java:84)
at org.testng.TestNG.runSuitesSequentially(TestNG.java:1208)
at org.testng.TestNG.runSuitesLocally(TestNG.java:1137)
at org.testng.TestNG.runSuites(TestNG.java:1049)
at org.testng.TestNG.run(TestNG.java:1017)
at org.testng.remote.AbstractRemoteTestNG.run(AbstractRemoteTestNG.java:115)
at org.testng.remote.RemoteTestNG.initAndRun(RemoteTestNG.java:251)
at org.testng.remote.RemoteTestNG.main(RemoteTestNG.java:77)
]]>
            </full-stacktrace>
          </exception> <!-- org.testng.SkipException -->
          <reporter-output>
          </reporter-output>
        </test-method> <!-- validateTitle -->
        <test-method status="PASS" signature="quitDriver()[pri:0, instance:testcases.TitleSectionTest@77e4c80f]" name="quitDriver" is-config="true" duration-ms="3774" started-at="2020-05-29T11:04:39Z" finished-at="2020-05-29T11:04:43Z">
          <reporter-output>
          </reporter-output>
        </test-method> <!-- quitDriver -->
      </class> <!-- testcases.TitleSectionTest -->
    </test> <!-- Title Section Test -->
    <test name="Search Item Test" duration-ms="38319" started-at="2020-05-29T11:04:43Z" finished-at="2020-05-29T11:05:21Z">
      <class name="testcases.SearchItemTest">
        <test-method status="PASS" signature="init()[pri:0, instance:testcases.SearchItemTest@64d2d351]" name="init" is-config="true" duration-ms="13257" started-at="2020-05-29T11:04:43Z" finished-at="2020-05-29T11:04:56Z">
          <reporter-output>
          </reporter-output>
        </test-method> <!-- init -->
        <test-method status="PASS" signature="searchItemTest(java.util.Hashtable)[pri:0, instance:testcases.SearchItemTest@64d2d351]" name="searchItemTest" duration-ms="21342" started-at="2020-05-29T11:04:56Z" data-provider="flipBoard" finished-at="2020-05-29T11:05:18Z">
          <params>
            <param index="0">
              <value>
                <![CDATA[{SearchText=Twitter, TestData=NA, Runmode=Y}]]>
              </value>
            </param>
          </params>
          <reporter-output>
          </reporter-output>
        </test-method> <!-- searchItemTest -->
        <test-method status="PASS" signature="quitDriver()[pri:0, instance:testcases.SearchItemTest@64d2d351]" name="quitDriver" is-config="true" duration-ms="3694" started-at="2020-05-29T11:05:18Z" finished-at="2020-05-29T11:05:21Z">
          <reporter-output>
          </reporter-output>
        </test-method> <!-- quitDriver -->
      </class> <!-- testcases.SearchItemTest -->
    </test> <!-- Search Item Test -->
  </suite> <!-- Suite -->
</testng-results>
